#
# There is insufficient memory for the Java Runtime Environment to continue.
# Native memory allocation (malloc) failed to allocate 32744 bytes for ChunkPool::allocate
# Possible reasons:
#   The system is out of physical RAM or swap space
#   The process is running with CompressedOops enabled, and the Java Heap may be blocking the growth of the native heap
# Possible solutions:
#   Reduce memory load on the system
#   Increase physical memory or swap space
#   Check if swap backing store is full
#   Decrease Java heap size (-Xmx/-Xms)
#   Decrease number of Java threads
#   Decrease Java thread stack sizes (-Xss)
#   Set larger code cache with -XX:ReservedCodeCacheSize=
#   JVM is running with Unscaled Compressed Oops mode in which the Java heap is
#     placed in the first 4GB address space. The Java Heap base address is the
#     maximum limit for the native heap growth. Please use -XX:HeapBaseMinAddress
#     to set the Java Heap base and to place the Java Heap above 4GB virtual address.
# This output file may be truncated or incomplete.
#
#  Out of Memory Error (allocation.cpp:273), pid=7436, tid=0x0000000000001b64
#
# JRE version: Java(TM) SE Runtime Environment (8.0_201-b09) (build 1.8.0_201-b09)
# Java VM: Java HotSpot(TM) 64-Bit Server VM (25.201-b09 mixed mode windows-amd64 compressed oops)
# Failed to write core dump. Minidumps are not enabled by default on client versions of Windows
#

---------------  T H R E A D  ---------------

Current thread (0x000000005864f800):  JavaThread "C1 CompilerThread2" daemon [_thread_in_native, id=7012, stack(0x00000000591b0000,0x00000000592b0000)]

Stack: [0x00000000591b0000,0x00000000592b0000]
[error occurred during error reporting (printing stack bounds), id 0xc0000005]

Native frames: (J=compiled Java code, j=interpreted, Vv=VM code, C=native code)


Current CompileTask:
C1:16157697  986       3       sun.invoke.util.VerifyAccess::isTypeVisible (118 bytes)


---------------  P R O C E S S  ---------------

Java Threads: ( => current thread )
  0x0000000059e8f800 JavaThread "D3D Screen Updater" daemon [_thread_blocked, id=6192, stack(0x000000005d8a0000,0x000000005d9a0000)]
  0x000000000007f000 JavaThread "DestroyJavaVM" [_thread_blocked, id=6760, stack(0x0000000002450000,0x0000000002550000)]
  0x0000000059747800 JavaThread "AWT-EventQueue-0" [_thread_blocked, id=7340, stack(0x000000005c240000,0x000000005c340000)]
  0x00000000596c5800 JavaThread "AWT-Windows" daemon [_thread_in_vm, id=8064, stack(0x0000000058e20000,0x0000000058f20000)]
  0x00000000596c4800 JavaThread "AWT-Shutdown" [_thread_blocked, id=8136, stack(0x0000000059f90000,0x000000005a090000)]
  0x00000000596cd000 JavaThread "Java2D Disposer" daemon [_thread_blocked, id=8140, stack(0x00000000590a0000,0x00000000591a0000)]
  0x00000000586cd000 JavaThread "Service Thread" daemon [_thread_blocked, id=7640, stack(0x00000000593a0000,0x00000000594a0000)]
=>0x000000005864f800 JavaThread "C1 CompilerThread2" daemon [_thread_in_native, id=7012, stack(0x00000000591b0000,0x00000000592b0000)]
  0x000000005864c800 JavaThread "C2 CompilerThread1" daemon [_thread_blocked, id=1500, stack(0x0000000058f60000,0x0000000059060000)]
  0x000000005731f000 JavaThread "C2 CompilerThread0" daemon [_thread_blocked, id=7784, stack(0x0000000058bf0000,0x0000000058cf0000)]
  0x000000005731a000 JavaThread "Attach Listener" daemon [_thread_blocked, id=8008, stack(0x0000000058cf0000,0x0000000058df0000)]
  0x000000005863a800 JavaThread "Signal Dispatcher" daemon [_thread_blocked, id=6464, stack(0x0000000058af0000,0x0000000058bf0000)]
  0x00000000572fa800 JavaThread "Finalizer" daemon [_thread_blocked, id=8020, stack(0x0000000058530000,0x0000000058630000)]
  0x00000000572b3000 JavaThread "Reference Handler" daemon [_thread_blocked, id=7884, stack(0x0000000058340000,0x0000000058440000)]

Other Threads:
  0x00000000572ab800 VMThread [stack: 0x0000000058210000,0x0000000058310000] [id=7888]
  0x00000000586f2800 WatcherThread [stack: 0x0000000059590000,0x0000000059690000] [id=7636]

VM state:not at safepoint (normal execution)

VM Mutex/Monitor currently owned by a thread: None

heap address: 0x0000000080400000, size: 2044 MB, Compressed Oops mode: 32-bit
Narrow klass base: 0x0000000000000000, Narrow klass shift: 0
Compressed class space size: 1073741824 Address: 0x0000000016920000

Heap:
 PSYoungGen      total 38400K, used 20497K [0x00000000d5700000, 0x00000000d8180000, 0x0000000100000000)
  eden space 33280K, 61% used [0x00000000d5700000,0x00000000d6b044e0,0x00000000d7780000)
  from space 5120K, 0% used [0x00000000d7c80000,0x00000000d7c80000,0x00000000d8180000)
  to   space 5120K, 0% used [0x00000000d7780000,0x00000000d7780000,0x00000000d7c80000)
 ParOldGen       total 87552K, used 0K [0x0000000080400000, 0x0000000085980000, 0x00000000d5700000)
  object space 87552K, 0% used [0x0000000080400000,0x0000000080400000,0x0000000085980000)
 Metaspace       used 11156K, capacity 11358K, committed 11520K, reserved 1058816K
  class space    used 1435K, capacity 1527K, committed 1536K, reserved 1048576K

Card table byte_map: [0x0000000011910000,0x0000000011d10000] byte_map_base: 0x000000001150e000

Marking Bits: (ParMarkBitMap*) 0x0000000073374ce0
 Begin Bits: [0x0000000012540000, 0x0000000014530000)
 End Bits:   [0x0000000014530000, 0x0000000016520000)

Polling page: 0x0000000000210000

CodeCache: size=245760Kb used=3609Kb max_used=3609Kb free=242150Kb
 bounds [0x0000000002550000, 0x00000000028e0000, 0x0000000011550000]
 total_blobs=1461 nmethods=985 adapters=389
 compilation: enabled

Compilation events (10 events):
Event: 3.217 Thread 0x000000005864f800 nmethod 980 0x00000000028d6850 code [0x00000000028d69c0, 0x00000000028d6bc8]
Event: 3.217 Thread 0x000000005864f800  981       3       java.util.concurrent.locks.ReentrantLock$Sync::nonfairTryAcquire (67 bytes)
Event: 3.218 Thread 0x000000005864f800 nmethod 981 0x00000000028d6c50 code [0x00000000028d6de0, 0x00000000028d7508]
Event: 3.696 Thread 0x000000005864f800  982       3       sun.awt.SunToolkit::getSystemEventQueueImplPP (13 bytes)
Event: 3.696 Thread 0x000000005864f800 nmethod 982 0x00000000028d7690 code [0x00000000028d7800, 0x00000000028d7ae8]
Event: 3.696 Thread 0x000000005864f800  983       3       java.awt.Toolkit::getEventQueue (7 bytes)
Event: 3.697 Thread 0x000000005864f800 nmethod 983 0x00000000028d7bd0 code [0x00000000028d7d80, 0x00000000028d8308]
Event: 3.697 Thread 0x000000005864f800  984       3       sun.awt.SunToolkit::getSystemEventQueueImpl (4 bytes)
Event: 3.697 Thread 0x000000005864f800 nmethod 984 0x00000000028d8550 code [0x00000000028d86e0, 0x00000000028d8ab8]
Event: 16156.357 Thread 0x000000005864f800  986       3       sun.invoke.util.VerifyAccess::isTypeVisible (118 bytes)

GC Heap History (0 events):
No events

Deoptimization events (9 events):
Event: 0.567 Thread 0x000000000007f000 Uncommon trap: reason=class_check action=maybe_recompile pc=0x00000000026c2050 method=java.lang.String.equals(Ljava/lang/Object;)Z @ 8
Event: 0.567 Thread 0x000000000007f000 Uncommon trap: reason=class_check action=maybe_recompile pc=0x00000000026c2050 method=java.lang.String.equals(Ljava/lang/Object;)Z @ 8
Event: 0.567 Thread 0x000000000007f000 Uncommon trap: reason=class_check action=maybe_recompile pc=0x00000000026c2050 method=java.lang.String.equals(Ljava/lang/Object;)Z @ 8
Event: 0.567 Thread 0x000000000007f000 Uncommon trap: reason=class_check action=maybe_recompile pc=0x00000000026c2050 method=java.lang.String.equals(Ljava/lang/Object;)Z @ 8
Event: 0.725 Thread 0x000000000007f000 Uncommon trap: reason=unstable_if action=reinterpret pc=0x0000000002811464 method=java.lang.Character.isSurrogate(C)Z @ 3
Event: 0.725 Thread 0x000000000007f000 Uncommon trap: reason=unstable_if action=reinterpret pc=0x0000000002767a14 method=java.lang.String.toLowerCase(Ljava/util/Locale;)Ljava/lang/String; @ 37
Event: 0.871 Thread 0x00000000596c5800 Uncommon trap: reason=unstable_if action=reinterpret pc=0x00000000027eed24 method=java.lang.ThreadLocal.get()Ljava/lang/Object; @ 11
Event: 0.871 Thread 0x00000000596c5800 Uncommon trap: reason=class_check action=maybe_recompile pc=0x0000000002829e6c method=java.nio.charset.CharsetDecoder.decode(Ljava/nio/ByteBuffer;Ljava/nio/CharBuffer;Z)Ljava/nio/charset/CoderResult; @ 57
Event: 0.921 Thread 0x0000000059747800 Uncommon trap: reason=unstable_if action=reinterpret pc=0x000000000283055c method=java.lang.ThreadLocal.get()Ljava/lang/Object; @ 11

Classes redefined (0 events):
No events

Internal exceptions (10 events):
Event: 0.136 Thread 0x000000000007f000 Exception <a 'java/security/PrivilegedActionException'> (0x00000000d57f2d88) thrown at [C:\re\workspace\8-2-build-windows-amd64-cygwin\jdk8u201\12322\hotspot\src\share\vm\prims\jvm.cpp, line 1502]
Event: 0.136 Thread 0x000000000007f000 Exception <a 'java/security/PrivilegedActionException'> (0x00000000d57f2f98) thrown at [C:\re\workspace\8-2-build-windows-amd64-cygwin\jdk8u201\12322\hotspot\src\share\vm\prims\jvm.cpp, line 1502]
Event: 0.140 Thread 0x000000000007f000 Exception <a 'java/io/FileNotFoundException'> (0x00000000d57f5c28) thrown at [C:\re\workspace\8-2-build-windows-amd64-cygwin\jdk8u201\12322\hotspot\src\share\vm\prims\jni.cpp, line 709]
Event: 0.175 Thread 0x000000000007f000 Exception <a 'java/lang/NoSuchFieldError': method resolution failed> (0x00000000d596da58) thrown at [C:\re\workspace\8-2-build-windows-amd64-cygwin\jdk8u201\12322\hotspot\src\share\vm\prims\methodHandles.cpp, line 1167]
Event: 0.177 Thread 0x000000000007f000 Exception <a 'java/lang/NoSuchFieldError': method resolution failed> (0x00000000d597ae28) thrown at [C:\re\workspace\8-2-build-windows-amd64-cygwin\jdk8u201\12322\hotspot\src\share\vm\prims\methodHandles.cpp, line 1167]
Event: 0.216 Thread 0x000000000007f000 Exception <a 'java/io/FileNotFoundException'> (0x00000000d5a13170) thrown at [C:\re\workspace\8-2-build-windows-amd64-cygwin\jdk8u201\12322\hotspot\src\share\vm\prims\jni.cpp, line 709]
Event: 0.444 Thread 0x000000000007f000 Exception <a 'java/io/FileNotFoundException'> (0x00000000d5c05e60) thrown at [C:\re\workspace\8-2-build-windows-amd64-cygwin\jdk8u201\12322\hotspot\src\share\vm\prims\jni.cpp, line 709]
Event: 0.444 Thread 0x000000000007f000 Exception <a 'java/lang/NullPointerException'> (0x00000000d5c06508) thrown at [C:\re\workspace\8-2-build-windows-amd64-cygwin\jdk8u201\12322\hotspot\src\share\vm\interpreter\linkResolver.cpp, line 1185]
Event: 0.871 Thread 0x00000000596c5800 Implicit null exception at 0x00000000027eec8a to 0x00000000027eed11
Event: 0.921 Thread 0x0000000059747800 Implicit null exception at 0x000000000282dd8f to 0x0000000002830539

Events (10 events):
Event: 0.940 loading class java/text/AttributedCharacterIterator done
Event: 0.940 loading class java/text/AttributedString$AttributedStringIterator done
Event: 3.402 loading class java/awt/LightweightDispatcher$2
Event: 3.402 loading class java/awt/LightweightDispatcher$2 done
Event: 3.690 loading class java/awt/KeyboardFocusManager$2
Event: 3.690 loading class java/awt/KeyboardFocusManager$2 done
Event: 3.690 loading class sun/awt/SunToolkit$1
Event: 3.690 loading class sun/awt/SunToolkit$1 done
Event: 4.188 Executing VM operation: EnableBiasedLocking
Event: 4.188 Executing VM operation: EnableBiasedLocking done


Dynamic libraries:
0x000000013f4a0000 - 0x000000013f4d7000 	C:\Program Files\Java\jre1.8.0_201\bin\javaw.exe
0x0000000077680000 - 0x000000007781f000 	C:\Windows\SYSTEM32\ntdll.dll
0x0000000077460000 - 0x000000007757f000 	C:\Windows\system32\kernel32.dll
0x000007fefd4b0000 - 0x000007fefd517000 	C:\Windows\system32\KERNELBASE.dll
0x000007fefdea0000 - 0x000007fefdf7b000 	C:\Windows\system32\ADVAPI32.dll
0x000007fefdb10000 - 0x000007fefdbaf000 	C:\Windows\system32\msvcrt.dll
0x000007fefd590000 - 0x000007fefd5af000 	C:\Windows\SYSTEM32\sechost.dll
0x000007fefd9e0000 - 0x000007fefdb0c000 	C:\Windows\system32\RPCRT4.dll
0x0000000077580000 - 0x000000007767a000 	C:\Windows\system32\USER32.dll
0x000007fefe530000 - 0x000007fefe597000 	C:\Windows\system32\GDI32.dll
0x000007fefd9d0000 - 0x000007fefd9de000 	C:\Windows\system32\LPK.dll
0x000007fefd7b0000 - 0x000007fefd87b000 	C:\Windows\system32\USP10.dll
0x000007fefbab0000 - 0x000007fefbca5000 	C:\Windows\WinSxS\amd64_microsoft.windows.common-controls_6595b64144ccf1df_6.0.7601.24460_none_e3711c5330fd38b4\COMCTL32.dll
0x000007fefe5a0000 - 0x000007fefe611000 	C:\Windows\system32\SHLWAPI.dll
0x000007fefd880000 - 0x000007fefd8ae000 	C:\Windows\system32\IMM32.DLL
0x000007fefdbb0000 - 0x000007fefdcb9000 	C:\Windows\system32\MSCTF.dll
0x0000000072a70000 - 0x0000000072b41000 	C:\Program Files\Java\jre1.8.0_201\bin\msvcr100.dll
0x0000000072b50000 - 0x00000000733f4000 	C:\Program Files\Java\jre1.8.0_201\bin\server\jvm.dll
0x000007fef7330000 - 0x000007fef7339000 	C:\Windows\system32\WSOCK32.dll
0x000007fefe620000 - 0x000007fefe66d000 	C:\Windows\system32\WS2_32.dll
0x000007fefe670000 - 0x000007fefe678000 	C:\Windows\system32\NSI.dll
0x000007fef9c20000 - 0x000007fef9c5b000 	C:\Windows\system32\WINMM.dll
0x000007fefc150000 - 0x000007fefc15c000 	C:\Windows\system32\VERSION.dll
0x0000000077820000 - 0x0000000077827000 	C:\Windows\system32\PSAPI.DLL
0x000007fef3ba0000 - 0x000007fef3baf000 	C:\Program Files\Java\jre1.8.0_201\bin\verify.dll
0x000007fef3b70000 - 0x000007fef3b99000 	C:\Program Files\Java\jre1.8.0_201\bin\java.dll
0x000007fef3b10000 - 0x000007fef3b26000 	C:\Program Files\Java\jre1.8.0_201\bin\zip.dll
0x000007fefe810000 - 0x000007feff59b000 	C:\Windows\system32\SHELL32.dll
0x000007fefd5b0000 - 0x000007fefd7af000 	C:\Windows\system32\ole32.dll
0x000007fefd1e0000 - 0x000007fefd1ef000 	C:\Windows\system32\profapi.dll
0x000007fef9df0000 - 0x000007fef9f89000 	C:\Program Files\Java\jre1.8.0_201\bin\awt.dll
0x000007feff870000 - 0x000007feff94b000 	C:\Windows\system32\OLEAUT32.dll
0x000007fefb390000 - 0x000007fefb3a8000 	C:\Windows\system32\DWMAPI.DLL
0x000007fef3570000 - 0x000007fef368d000 	C:\Windows\system32\opengl32.dll
0x000007fefa3f0000 - 0x000007fefa41d000 	C:\Windows\system32\GLU32.dll
0x000007fef2310000 - 0x000007fef2401000 	C:\Windows\system32\DDRAW.dll
0x000007fefa3e0000 - 0x000007fefa3e8000 	C:\Windows\system32\DCIMAN32.dll
0x000007fefdcc0000 - 0x000007fefde97000 	C:\Windows\system32\SETUPAPI.dll
0x000007fefd2a0000 - 0x000007fefd2d6000 	C:\Windows\system32\CFGMGR32.dll
0x000007fefd310000 - 0x000007fefd32a000 	C:\Windows\system32\DEVOBJ.dll
0x000007fefb730000 - 0x000007fefb786000 	C:\Windows\system32\uxtheme.dll
0x000007fefd010000 - 0x000007fefd067000 	C:\Windows\system32\apphelp.dll
0x0000000071e90000 - 0x0000000071f09000 	C:\Windows\system32\IMKR12.IME
0x0000000072090000 - 0x0000000072159000 	C:\Windows\WinSxS\amd64_microsoft.vc80.crt_1fc8b3b9a1e18e3b_8.0.50727.4940_none_88df89932faf0bf6\MSVCR80.dll
0x0000000071f10000 - 0x0000000072019000 	C:\Windows\WinSxS\amd64_microsoft.vc80.crt_1fc8b3b9a1e18e3b_8.0.50727.4940_none_88df89932faf0bf6\MSVCP80.dll
0x000007fefd070000 - 0x000007fefd07f000 	C:\Windows\system32\CRYPTBASE.dll
0x000007fef8f50000 - 0x000007fef914f000 	C:\Windows\system32\d3d9.dll
0x000007fef8f40000 - 0x000007fef8f47000 	C:\Windows\system32\d3d8thk.dll
0x000007feecbf0000 - 0x000007feeddc4000 	C:\Windows\system32\nvd3dumx.dll
0x000007fefc250000 - 0x000007fefc253000 	C:\Windows\system32\api-ms-win-core-synch-l1-2-0.DLL
0x000007fefb1e0000 - 0x000007fefb20c000 	C:\Windows\system32\powrprof.dll
0x000007fef9d00000 - 0x000007fef9dec000 	C:\Program Files (x86)\NVIDIA Corporation\3D Vision\nvSCPAPI64.dll
0x000007feec980000 - 0x000007feecbe6000 	C:\Windows\system32\nvspcap64.dll
0x000007fefbfa0000 - 0x000007fefbfcd000 	C:\Windows\system32\ntmarta.dll
0x000007fefe020000 - 0x000007fefe072000 	C:\Windows\system32\WLDAP32.dll
0x000007fefd340000 - 0x000007fefd4ad000 	C:\Windows\system32\crypt32.dll
0x000007fefd1d0000 - 0x000007fefd1df000 	C:\Windows\system32\MSASN1.dll
0x000007feff950000 - 0x000007feff969000 	C:\Windows\system32\imagehlp.dll
0x000007fefc9b0000 - 0x000007fefc9c8000 	C:\Windows\system32\CRYPTSP.dll
0x000007fefc6b0000 - 0x000007fefc6f7000 	C:\Windows\system32\rsaenh.dll
0x000007fefcb80000 - 0x000007fefcbd0000 	C:\Windows\system32\ncrypt.dll
0x000007fefcb50000 - 0x000007fefcb72000 	C:\Windows\system32\bcrypt.dll
0x000007fefcac0000 - 0x000007fefcb0c000 	C:\Windows\system32\bcryptprimitives.dll
0x000007fefa550000 - 0x000007fefa597000 	C:\Program Files\Java\jre1.8.0_201\bin\fontmanager.dll
0x000007fef3af0000 - 0x000007fef3b0a000 	C:\Program Files\Java\jre1.8.0_201\bin\net.dll
0x000007fefe680000 - 0x000007fefe808000 	C:\Windows\system32\urlmon.dll
0x000007fefd570000 - 0x000007fefd574000 	C:\Windows\system32\api-ms-win-downlevel-ole32-l1-1-0.dll
0x000007fefd2e0000 - 0x000007fefd2e4000 	C:\Windows\system32\api-ms-win-downlevel-shlwapi-l1-1-0.dll
0x000007fefd560000 - 0x000007fefd565000 	C:\Windows\system32\api-ms-win-downlevel-advapi32-l1-1-0.dll
0x000007fefd580000 - 0x000007fefd584000 	C:\Windows\system32\api-ms-win-downlevel-user32-l1-1-0.dll
0x000007fefd290000 - 0x000007fefd294000 	C:\Windows\system32\api-ms-win-downlevel-version-l1-1-0.dll
0x000007fefd330000 - 0x000007fefd333000 	C:\Windows\system32\api-ms-win-downlevel-normaliz-l1-1-0.dll
0x0000000077830000 - 0x0000000077833000 	C:\Windows\system32\normaliz.DLL
0x000007feff5a0000 - 0x000007feff86a000 	C:\Windows\system32\iertutil.dll
0x000007fefe080000 - 0x000007fefe52c000 	C:\Windows\system32\WININET.dll
0x000007fefd2f0000 - 0x000007fefd30f000 	C:\Windows\system32\USERENV.dll
0x000007fefc950000 - 0x000007fefc9a5000 	C:\Windows\system32\mswsock.dll
0x000007fefc940000 - 0x000007fefc947000 	C:\Windows\System32\wship6.dll
0x000007fef3ad0000 - 0x000007fef3ae1000 	C:\Program Files\Java\jre1.8.0_201\bin\nio.dll
0x000007fefa500000 - 0x000007fefa542000 	C:\Program Files\Java\jre1.8.0_201\bin\t2k.dll
0x000007fefd8b0000 - 0x000007fefd949000 	C:\Windows\system32\CLBCatQ.DLL
0x0000000071270000 - 0x000000007135d000 	C:\PROGRA~1\COMMON~1\MICROS~1\IME12\IMEKR\IMKRTIP.DLL
0x0000000071010000 - 0x0000000071180000 	C:\PROGRA~1\COMMON~1\MICROS~1\IME12\SHARED\IMETIP.DLL
0x0000000070fd0000 - 0x000000007100f000 	C:\PROGRA~1\COMMON~1\MICROS~1\IME12\IMEKR\IMKRAPI.DLL
0x0000000070f80000 - 0x0000000070fcc000 	C:\PROGRA~1\COMMON~1\MICROS~1\IME12\SHARED\IMJKAPI.DLL

VM Arguments:
jvm_args: -Dfile.encoding=MS949 
java_command: javaPrj2.pro
java_class_path (initial): C:\Program Files\Java\jre1.8.0_201\lib\resources.jar;C:\Program Files\Java\jre1.8.0_201\lib\rt.jar;C:\Program Files\Java\jre1.8.0_201\lib\jsse.jar;C:\Program Files\Java\jre1.8.0_201\lib\jce.jar;C:\Program Files\Java\jre1.8.0_201\lib\charsets.jar;C:\Program Files\Java\jre1.8.0_201\lib\jfr.jar;C:\Program Files\Java\jre1.8.0_201\lib\ext\access-bridge-64.jar;C:\Program Files\Java\jre1.8.0_201\lib\ext\cldrdata.jar;C:\Program Files\Java\jre1.8.0_201\lib\ext\dnsns.jar;C:\Program Files\Java\jre1.8.0_201\lib\ext\jaccess.jar;C:\Program Files\Java\jre1.8.0_201\lib\ext\jfxrt.jar;C:\Program Files\Java\jre1.8.0_201\lib\ext\localedata.jar;C:\Program Files\Java\jre1.8.0_201\lib\ext\nashorn.jar;C:\Program Files\Java\jre1.8.0_201\lib\ext\ojdbc6.jar;C:\Program Files\Java\jre1.8.0_201\lib\ext\sunec.jar;C:\Program Files\Java\jre1.8.0_201\lib\ext\sunjce_provider.jar;C:\Program Files\Java\jre1.8.0_201\lib\ext\sunmscapi.jar;C:\Program Files\Java\jre1.8.0_201\lib\ext\sunpkcs11.jar;C:\Program Files\Java\jre1.8.0_201\lib\ext\zipfs.jar;D:\java_work\javaPrj2\bin
Launcher Type: SUN_STANDARD

Environment Variables:
JAVA_HOME=C:\Program Files\Java\jdk1.8.0_201
PATH=C:/Program Files/Java/jre1.8.0_201/bin/server;C:/Program Files/Java/jre1.8.0_201/bin;C:/Program Files/Java/jre1.8.0_201/lib/amd64;D:\app\m013\product\11.2.0\dbhome_1\bin;C:\Program Files (x86)\Common Files\Oracle\Java\javapath;C:\Windows\system32;C:\Windows;C:\Windows\System32\Wbem;C:\Windows\System32\WindowsPowerShell\v1.0\;C:\Program Files (x86)\NVIDIA Corporation\PhysX\Common;C:\Program Files\Java\jdk1.8.0_201\bin;D:\eclipse;
USERNAME=m012
OS=Windows_NT
PROCESSOR_IDENTIFIER=Intel64 Family 6 Model 42 Stepping 7, GenuineIntel



---------------  S Y S T E M  ---------------

OS: Windows 7 , 64 bit Build 7601 (6.1.7601.24475)

CPU:total 4 (initial active 4) (4 cores per cpu, 1 threads per core) family 6 model 42 stepping 7, cmov, cx8, fxsr, mmx, sse, sse2, sse3, ssse3, sse4.1, sse4.2, popcnt, avx, aes, clmul, tsc, tscinvbit

Memory: 4k page, physical 8368628k(790504k free), swap 33472612k(5092k free)

vm_info: Java HotSpot(TM) 64-Bit Server VM (25.201-b09) for windows-amd64 JRE (1.8.0_201-b09), built on Dec 15 2018 18:36:39 by "java_re" with MS VC++ 10.0 (VS2010)

time: Thu Jun 20 14:14:04 2019
timezone: 대한민국 표준시
elapsed time: 16156 seconds (0d 4h 29m 16s)

